<?xml version="1.0" encoding="utf-8"?><testsuites name="pytest tests"><testsuite name="pytest" errors="0" failures="0" skipped="0" tests="26" time="3.643" timestamp="2026-03-12T23:05:15.754921+00:00" hostname="agent-env-bbfed70b-c139-43e0-9821-77decc909606"><testcase classname="backend.tests.test_customer_features_iter5.TestCustomerRegistration" name="test_register_new_customer" time="0.400" /><testcase classname="backend.tests.test_customer_features_iter5.TestCustomerRegistration" name="test_register_duplicate_email_returns_400" time="0.114" /><testcase classname="backend.tests.test_customer_features_iter5.TestCustomerRegistration" name="test_register_missing_fields_returns_422" time="0.071" /><testcase classname="backend.tests.test_customer_features_iter5.TestCustomerLogin" name="test_login_valid_credentials" time="0.297" /><testcase classname="backend.tests.test_customer_features_iter5.TestCustomerLogin" name="test_login_wrong_password_returns_401" time="0.287" /><testcase classname="backend.tests.test_customer_features_iter5.TestCustomerLogin" name="test_login_nonexistent_email_returns_401" time="0.078" /><testcase classname="backend.tests.test_customer_features_iter5.TestCustomerLogin" name="test_login_known_existing_customer" time="0.284" /><testcase classname="backend.tests.test_customer_features_iter5.TestCustomerProfile" name="test_get_me_returns_profile" time="0.076" /><testcase classname="backend.tests.test_customer_features_iter5.TestCustomerProfile" name="test_get_me_without_token_returns_401" time="0.058" /><testcase classname="backend.tests.test_customer_features_iter5.TestCustomerProfile" name="test_get_me_with_admin_token_returns_401" time="0.356" /><testcase classname="backend.tests.test_customer_features_iter5.TestPinActivation" name="test_activate_with_valid_pin" time="0.065" /><testcase classname="backend.tests.test_customer_features_iter5.TestPinActivation" name="test_activate_already_used_pin_returns_400" time="0.065" /><testcase classname="backend.tests.test_customer_features_iter5.TestPinActivation" name="test_activate_profile_updated_after_activation" time="0.067" /><testcase classname="backend.tests.test_customer_features_iter5.TestRefreshPin" name="test_refresh_pin_generates_new_pin" time="0.068" /><testcase classname="backend.tests.test_customer_features_iter5.TestRefreshPin" name="test_refresh_pin_updates_profile" time="0.063" /><testcase classname="backend.tests.test_customer_features_iter5.TestRefreshPin" name="test_refresh_pin_without_auth_returns_401" time="0.208" /><testcase classname="backend.tests.test_customer_features_iter5.TestIpLockout" name="test_lockout_after_three_bad_pins" time="0.227" /><testcase classname="backend.tests.test_customer_features_iter5.TestIpLockout" name="test_lockout_blocks_subsequent_requests" time="0.061" /><testcase classname="backend.tests.test_customer_features_iter5.TestAdminCustomerEndpoints" name="test_admin_list_all_customers" time="0.051" /><testcase classname="backend.tests.test_customer_features_iter5.TestAdminCustomerEndpoints" name="test_admin_list_without_auth_returns_401" time="0.052" /><testcase classname="backend.tests.test_customer_features_iter5.TestAdminCustomerEndpoints" name="test_admin_list_with_customer_token_returns_401" time="0.058" /><testcase classname="backend.tests.test_customer_features_iter5.TestAdminCustomerEndpoints" name="test_admin_suspend_customer" time="0.061" /><testcase classname="backend.tests.test_customer_features_iter5.TestAdminCustomerEndpoints" name="test_suspended_customer_cannot_login" time="0.287" /><testcase classname="backend.tests.test_customer_features_iter5.TestAdminCustomerEndpoints" name="test_admin_reactivate_customer" time="0.065" /><testcase classname="backend.tests.test_customer_features_iter5.TestAdminCustomerEndpoints" name="test_admin_invalid_status_returns_400" time="0.074" /><testcase classname="backend.tests.test_customer_features_iter5.TestAdminCustomerEndpoints" name="test_admin_update_nonexistent_customer_returns_404" time="0.085" /></testsuite></testsuites>