<?xml version="1.0" encoding="utf-8"?><testsuites name="pytest tests"><testsuite name="pytest" errors="0" failures="0" skipped="0" tests="31" time="0.828" timestamp="2026-03-18T01:20:40.553329+00:00" hostname="agent-env-b58faf3c-8277-4a95-a205-b1e131bad33b"><testcase classname="backend.tests.test_docker_infra_iter11.TestHealthEndpoint" name="test_health_endpoint_returns_200" time="0.290" /><testcase classname="backend.tests.test_docker_infra_iter11.TestHealthEndpoint" name="test_health_endpoint_returns_status_ok" time="0.209" /><testcase classname="backend.tests.test_docker_infra_iter11.TestHealthEndpoint" name="test_health_endpoint_content_type_json" time="0.152" /><testcase classname="backend.tests.test_docker_infra_iter11.TestDockerComposeYAML" name="test_yaml_parses_without_errors" time="0.012" /><testcase classname="backend.tests.test_docker_infra_iter11.TestDockerComposeYAML" name="test_all_five_services_present" time="0.005" /><testcase classname="backend.tests.test_docker_infra_iter11.TestDockerComposeYAML" name="test_mongo_image_version" time="0.005" /><testcase classname="backend.tests.test_docker_infra_iter11.TestDockerComposeYAML" name="test_npm_image_version" time="0.005" /><testcase classname="backend.tests.test_docker_infra_iter11.TestDockerComposeYAML" name="test_mongo_healthcheck_syntax" time="0.005" /><testcase classname="backend.tests.test_docker_infra_iter11.TestDockerComposeYAML" name="test_backend_healthcheck_syntax" time="0.005" /><testcase classname="backend.tests.test_docker_infra_iter11.TestDockerComposeYAML" name="test_depends_on_service_healthy_backend" time="0.005" /><testcase classname="backend.tests.test_docker_infra_iter11.TestDockerComposeYAML" name="test_depends_on_service_healthy_frontend" time="0.005" /><testcase classname="backend.tests.test_docker_infra_iter11.TestDockerComposeYAML" name="test_depends_on_service_healthy_guide_app" time="0.005" /><testcase classname="backend.tests.test_docker_infra_iter11.TestDockerComposeYAML" name="test_internal_network_has_internal_true" time="0.005" /><testcase classname="backend.tests.test_docker_infra_iter11.TestDockerComposeYAML" name="test_proxy_network_is_bridge" time="0.005" /><testcase classname="backend.tests.test_docker_infra_iter11.TestDockerComposeYAML" name="test_mongo_only_on_internal_network" time="0.005" /><testcase classname="backend.tests.test_docker_infra_iter11.TestDockerComposeYAML" name="test_backend_on_both_networks" time="0.005" /><testcase classname="backend.tests.test_docker_infra_iter11.TestDockerComposeYAML" name="test_frontend_port_mapping_80" time="0.005" /><testcase classname="backend.tests.test_docker_infra_iter11.TestDockerComposeYAML" name="test_guide_app_port_mapping_80" time="0.005" /><testcase classname="backend.tests.test_docker_infra_iter11.TestDockerComposeYAML" name="test_volumes_defined" time="0.005" /><testcase classname="backend.tests.test_docker_infra_iter11.TestEnvExample" name="test_all_compose_env_vars_in_env_example" time="0.000" /><testcase classname="backend.tests.test_docker_infra_iter11.TestDockerfiles" name="test_backend_dockerfile_uses_python311_slim" time="0.000" /><testcase classname="backend.tests.test_docker_infra_iter11.TestDockerfiles" name="test_backend_dockerfile_upload_subdirs" time="0.000" /><testcase classname="backend.tests.test_docker_infra_iter11.TestDockerfiles" name="test_frontend_dockerfile_multistage_node20_alpine" time="0.000" /><testcase classname="backend.tests.test_docker_infra_iter11.TestDockerfiles" name="test_guide_app_dockerfile_multistage_node20_alpine" time="0.000" /><testcase classname="backend.tests.test_docker_infra_iter11.TestNginxConf" name="test_nginx_listens_on_port_80[/app/frontend/nginx.conf]" time="0.000" /><testcase classname="backend.tests.test_docker_infra_iter11.TestNginxConf" name="test_nginx_listens_on_port_80[/app/guide-app/nginx.conf]" time="0.000" /><testcase classname="backend.tests.test_docker_infra_iter11.TestNginxConf" name="test_nginx_spa_fallback[/app/frontend/nginx.conf]" time="0.000" /><testcase classname="backend.tests.test_docker_infra_iter11.TestNginxConf" name="test_nginx_spa_fallback[/app/guide-app/nginx.conf]" time="0.000" /><testcase classname="backend.tests.test_docker_infra_iter11.TestDockerignore" name="test_backend_dockerignore_excludes_pycache" time="0.000" /><testcase classname="backend.tests.test_docker_infra_iter11.TestDockerignore" name="test_frontend_dockerignore_excludes_node_modules_and_build" time="0.000" /><testcase classname="backend.tests.test_docker_infra_iter11.TestDockerignore" name="test_guide_app_dockerignore_excludes_node_modules_and_build" time="0.000" /></testsuite></testsuites>