<?xml version="1.0" encoding="utf-8"?><testsuites name="pytest tests"><testsuite name="pytest" errors="0" failures="0" skipped="0" tests="29" time="4.472" timestamp="2026-03-12T22:39:02.577138+00:00" hostname="agent-env-bbfed70b-c139-43e0-9821-77decc909606"><testcase classname="backend.tests.test_new_features_iter4.TestServiceConfig" name="test_get_config_returns_uptime_kuma_url_field" time="0.219" /><testcase classname="backend.tests.test_new_features_iter4.TestServiceConfig" name="test_set_uptime_kuma_url" time="0.483" /><testcase classname="backend.tests.test_new_features_iter4.TestServiceConfig" name="test_uptime_kuma_url_persists_after_save" time="0.243" /><testcase classname="backend.tests.test_new_features_iter4.TestServiceConfig" name="test_clear_uptime_kuma_url" time="0.113" /><testcase classname="backend.tests.test_new_features_iter4.TestDevicePortalEndpoints" name="test_get_device_by_code_valid" time="0.239" /><testcase classname="backend.tests.test_new_features_iter4.TestDevicePortalEndpoints" name="test_get_device_by_code_invalid" time="0.122" /><testcase classname="backend.tests.test_new_features_iter4.TestDevicePortalEndpoints" name="test_portal_login_with_active_device" time="0.121" /><testcase classname="backend.tests.test_new_features_iter4.TestDevicePortalEndpoints" name="test_portal_login_invalid_code" time="0.127" /><testcase classname="backend.tests.test_new_features_iter4.TestFAQ" name="test_get_faqs_public" time="0.119" /><testcase classname="backend.tests.test_new_features_iter4.TestFAQ" name="test_get_faqs_all_with_admin" time="0.108" /><testcase classname="backend.tests.test_new_features_iter4.TestFAQ" name="test_create_faq" time="0.102" /><testcase classname="backend.tests.test_new_features_iter4.TestFAQ" name="test_create_faq_without_auth_fails" time="0.132" /><testcase classname="backend.tests.test_new_features_iter4.TestFAQ" name="test_update_faq" time="0.108" /><testcase classname="backend.tests.test_new_features_iter4.TestFAQ" name="test_faq_appears_in_public_list_when_active" time="0.137" /><testcase classname="backend.tests.test_new_features_iter4.TestFAQ" name="test_delete_faq" time="0.131" /><testcase classname="backend.tests.test_new_features_iter4.TestFAQ" name="test_delete_nonexistent_faq" time="0.185" /><testcase classname="backend.tests.test_new_features_iter4.TestTickets" name="test_get_tickets_requires_admin" time="0.113" /><testcase classname="backend.tests.test_new_features_iter4.TestTickets" name="test_get_all_tickets_as_admin" time="0.131" /><testcase classname="backend.tests.test_new_features_iter4.TestTickets" name="test_create_ticket_with_valid_user" time="0.236" /><testcase classname="backend.tests.test_new_features_iter4.TestTickets" name="test_create_ticket_invalid_user" time="0.135" /><testcase classname="backend.tests.test_new_features_iter4.TestTickets" name="test_get_tickets_by_user" time="0.109" /><testcase classname="backend.tests.test_new_features_iter4.TestTickets" name="test_get_tickets_by_user_empty" time="0.149" /><testcase classname="backend.tests.test_new_features_iter4.TestTickets" name="test_update_ticket_priority_and_status" time="0.107" /><testcase classname="backend.tests.test_new_features_iter4.TestTickets" name="test_update_ticket_requires_admin" time="0.122" /><testcase classname="backend.tests.test_new_features_iter4.TestTickets" name="test_admin_reply_to_ticket" time="0.112" /><testcase classname="backend.tests.test_new_features_iter4.TestTickets" name="test_get_all_tickets_with_filter_status" time="0.133" /><testcase classname="backend.tests.test_new_features_iter4.TestTickets" name="test_get_all_tickets_with_filter_priority" time="0.123" /><testcase classname="backend.tests.test_new_features_iter4.TestTickets" name="test_delete_test_ticket" time="0.110" /><testcase classname="backend.tests.test_new_features_iter4.TestTickets" name="test_get_ticket_after_delete_returns_404" time="0.106" /></testsuite></testsuites>