<?xml version="1.0" encoding="utf-8"?><testsuites name="pytest tests"><testsuite name="pytest" errors="0" failures="0" skipped="0" tests="22" time="3.073" timestamp="2026-03-13T00:18:26.726587+00:00" hostname="agent-env-b86ccaea-abd7-4617-b70e-07f4d5345061"><testcase classname="backend.tests.test_totp_features_iter6.TestRegister" name="test_register_returns_200" time="0.387" /><testcase classname="backend.tests.test_totp_features_iter6.TestRegister" name="test_register_returns_totp_enabled_true" time="0.315" /><testcase classname="backend.tests.test_totp_features_iter6.TestRegister" name="test_register_returns_qr_code_path" time="0.000" /><testcase classname="backend.tests.test_totp_features_iter6.TestRegister" name="test_register_qr_file_is_accessible" time="0.074" /><testcase classname="backend.tests.test_totp_features_iter6.TestRegister" name="test_register_does_not_return_activation_pin_in_response" time="0.000" /><testcase classname="backend.tests.test_totp_features_iter6.TestRegister" name="test_register_duplicate_email_returns_400" time="0.065" /><testcase classname="backend.tests.test_totp_features_iter6.TestActivateWithTOTP" name="test_activate_with_valid_totp_returns_200" time="0.061" /><testcase classname="backend.tests.test_totp_features_iter6.TestActivateWithTOTP" name="test_activate_with_valid_totp_returns_device_id" time="0.081" /><testcase classname="backend.tests.test_totp_features_iter6.TestActivateWithTOTP" name="test_activate_with_valid_totp_returns_message" time="0.065" /><testcase classname="backend.tests.test_totp_features_iter6.TestActivateWithTOTP" name="test_activate_with_wrong_code_returns_401" time="0.072" /><testcase classname="backend.tests.test_totp_features_iter6.TestActivateWithTOTP" name="test_activate_with_wrong_code_shows_attempts_remaining" time="0.076" /><testcase classname="backend.tests.test_totp_features_iter6.TestActivateWithTOTP" name="test_activate_with_unknown_email_returns_401" time="0.059" /><testcase classname="backend.tests.test_totp_features_iter6.TestActivateWithTOTP" name="test_activate_with_unknown_email_does_not_reveal_existence" time="0.079" /><testcase classname="backend.tests.test_totp_features_iter6.TestReAuthentication" name="test_reauth_returns_reauth_message" time="0.081" /><testcase classname="backend.tests.test_totp_features_iter6.TestReAuthentication" name="test_reauth_returns_device_id" time="0.067" /><testcase classname="backend.tests.test_totp_features_iter6.TestRefreshPin" name="test_refresh_pin_returns_200" time="0.133" /><testcase classname="backend.tests.test_totp_features_iter6.TestRefreshPin" name="test_refresh_pin_returns_qr_code_path" time="0.072" /><testcase classname="backend.tests.test_totp_features_iter6.TestRefreshPin" name="test_refresh_pin_does_not_return_activation_pin" time="0.070" /><testcase classname="backend.tests.test_totp_features_iter6.TestRefreshPin" name="test_refresh_pin_returns_message" time="0.060" /><testcase classname="backend.tests.test_totp_features_iter6.TestRefreshPin" name="test_refresh_pin_requires_auth" time="0.055" /><testcase classname="backend.tests.test_totp_features_iter6.TestIPLockout" name="test_three_wrong_codes_trigger_429" time="0.522" /><testcase classname="backend.tests.test_totp_features_iter6.TestIPLockout" name="test_lockout_message_mentions_wait_time" time="0.533" /></testsuite></testsuites>