<?xml version="1.0" encoding="utf-8"?><testsuites name="pytest tests"><testsuite name="pytest" errors="0" failures="0" skipped="0" tests="19" time="4.242" timestamp="2026-03-13T19:27:34.334984+00:00" hostname="agent-env-b58faf3c-8277-4a95-a205-b1e131bad33b"><testcase classname="backend.tests.test_apk_management_iter8.TestGetLatestApk" name="test_latest_returns_200_no_auth" time="0.271" /><testcase classname="backend.tests.test_apk_management_iter8.TestGetLatestApk" name="test_latest_has_release_field" time="0.142" /><testcase classname="backend.tests.test_apk_management_iter8.TestGetLatestApk" name="test_latest_no_releases_returns_false" time="0.844" /><testcase classname="backend.tests.test_apk_management_iter8.TestListReleases" name="test_releases_requires_auth" time="0.130" /><testcase classname="backend.tests.test_apk_management_iter8.TestListReleases" name="test_releases_returns_list_with_auth" time="0.118" /><testcase classname="backend.tests.test_apk_management_iter8.TestListReleases" name="test_releases_invalid_token_rejected" time="0.133" /><testcase classname="backend.tests.test_apk_management_iter8.TestUploadApk" name="test_upload_requires_auth" time="0.120" /><testcase classname="backend.tests.test_apk_management_iter8.TestUploadApk" name="test_upload_rejects_non_apk_file" time="0.151" /><testcase classname="backend.tests.test_apk_management_iter8.TestUploadApk" name="test_upload_rejects_zip_disguised_as_non_apk" time="0.191" /><testcase classname="backend.tests.test_apk_management_iter8.TestUploadApk" name="test_upload_valid_apk" time="0.308" /><testcase classname="backend.tests.test_apk_management_iter8.TestUploadApk" name="test_upload_rejects_duplicate_version_code" time="0.126" /><testcase classname="backend.tests.test_apk_management_iter8.TestLatestAfterUpload" name="test_latest_has_release_true_after_upload" time="0.331" /><testcase classname="backend.tests.test_apk_management_iter8.TestLatestAfterUpload" name="test_latest_returns_correct_version_info" time="0.164" /><testcase classname="backend.tests.test_apk_management_iter8.TestLatestAfterUpload" name="test_latest_download_url_is_absolute" time="0.126" /><testcase classname="backend.tests.test_apk_management_iter8.TestLatestAfterUpload" name="test_latest_download_url_not_relative" time="0.122" /><testcase classname="backend.tests.test_apk_management_iter8.TestDeleteRelease" name="test_delete_requires_auth" time="0.136" /><testcase classname="backend.tests.test_apk_management_iter8.TestDeleteRelease" name="test_delete_nonexistent_returns_404" time="0.182" /><testcase classname="backend.tests.test_apk_management_iter8.TestDeleteRelease" name="test_delete_release_and_verify_removal" time="0.421" /><testcase classname="backend.tests.test_apk_management_iter8.TestDeleteRelease" name="test_get_releases_persistence_check" time="0.130" /></testsuite></testsuites>