<?xml version="1.0" encoding="utf-8"?><testsuites name="pytest tests"><testsuite name="pytest" errors="0" failures="0" skipped="2" tests="14" time="3.415" timestamp="2026-03-14T23:44:44.056616+00:00" hostname="agent-env-b58faf3c-8277-4a95-a205-b1e131bad33b"><testcase classname="backend.tests.test_credentials_activation_iter9.TestCustomerRegister" name="test_register_creates_account" time="0.154"><skipped type="pytest.skip" message="Email already registered; clean up manually or use admin delete">/app/backend/tests/test_credentials_activation_iter9.py:50: Email already registered; clean up manually or use admin delete</skipped></testcase><testcase classname="backend.tests.test_credentials_activation_iter9.TestCustomerRegister" name="test_register_response_has_message" time="0.000"><skipped type="pytest.skip" message="No customer created">/app/backend/tests/test_credentials_activation_iter9.py:63: No customer created</skipped></testcase><testcase classname="backend.tests.test_credentials_activation_iter9.TestCustomerRegister" name="test_register_duplicate_email_rejected" time="0.131" /><testcase classname="backend.tests.test_credentials_activation_iter9.TestAdminGetAllCustomers" name="test_admin_all_returns_list" time="0.531" /><testcase classname="backend.tests.test_credentials_activation_iter9.TestAdminGetAllCustomers" name="test_admin_all_has_credentials" time="0.123" /><testcase classname="backend.tests.test_credentials_activation_iter9.TestAdminGetAllCustomers" name="test_admin_all_no_password_hash" time="0.143" /><testcase classname="backend.tests.test_credentials_activation_iter9.TestAdminGetAllCustomers" name="test_admin_all_requires_auth" time="0.138" /><testcase classname="backend.tests.test_credentials_activation_iter9.TestActivateWithCredentials" name="test_activate_with_correct_credentials" time="0.270" /><testcase classname="backend.tests.test_credentials_activation_iter9.TestActivateWithCredentials" name="test_activate_with_wrong_password_returns_401" time="0.427" /><testcase classname="backend.tests.test_credentials_activation_iter9.TestActivateWithCredentials" name="test_activate_remaining_attempts_in_response" time="0.427" /><testcase classname="backend.tests.test_credentials_activation_iter9.TestResetCredentials" name="test_reset_generates_new_credentials" time="0.424" /><testcase classname="backend.tests.test_credentials_activation_iter9.TestResetCredentials" name="test_reset_nonexistent_customer_returns_404" time="0.145" /><testcase classname="backend.tests.test_credentials_activation_iter9.TestResetCredentials" name="test_reset_requires_admin_auth" time="0.126" /><testcase classname="backend.tests.test_credentials_activation_iter9.TestCleanup" name="test_cleanup_test_customer" time="0.306" /></testsuite></testsuites>