<?xml version="1.0" encoding="utf-8"?><testsuites name="pytest tests"><testsuite name="pytest" errors="0" failures="0" skipped="0" tests="26" time="5.038" timestamp="2026-03-18T17:23:22.700336+00:00" hostname="agent-env-2b795d88-85e4-4e6c-9699-4fb32a3dd09d"><testcase classname="backend.tests.test_catalog_appversion_iter13.TestAppVersion" name="test_get_app_version_returns_200" time="0.250" /><testcase classname="backend.tests.test_catalog_appversion_iter13.TestAppVersion" name="test_get_app_version_has_version_field" time="0.169" /><testcase classname="backend.tests.test_catalog_appversion_iter13.TestAppVersion" name="test_get_app_version_correct_value" time="0.204" /><testcase classname="backend.tests.test_catalog_appversion_iter13.TestAppVersion" name="test_get_app_version_has_sections_field" time="0.147" /><testcase classname="backend.tests.test_catalog_appversion_iter13.TestAppVersion" name="test_app_version_no_mongodb_id_leak" time="0.171" /><testcase classname="backend.tests.test_catalog_appversion_iter13.TestCatalogList" name="test_get_catalog_returns_200" time="0.156" /><testcase classname="backend.tests.test_catalog_appversion_iter13.TestCatalogList" name="test_get_catalog_returns_list" time="0.174" /><testcase classname="backend.tests.test_catalog_appversion_iter13.TestCatalogList" name="test_get_catalog_filter_by_type" time="0.217" /><testcase classname="backend.tests.test_catalog_appversion_iter13.TestCatalogCRUD" name="test_create_catalog_requires_auth" time="0.187" /><testcase classname="backend.tests.test_catalog_appversion_iter13.TestCatalogCRUD" name="test_create_catalog_entry" time="0.567" /><testcase classname="backend.tests.test_catalog_appversion_iter13.TestCatalogCRUD" name="test_get_created_entry" time="0.173" /><testcase classname="backend.tests.test_catalog_appversion_iter13.TestCatalogCRUD" name="test_entry_appears_in_list" time="0.145" /><testcase classname="backend.tests.test_catalog_appversion_iter13.TestCatalogCRUD" name="test_update_catalog_entry" time="0.143" /><testcase classname="backend.tests.test_catalog_appversion_iter13.TestCatalogCRUD" name="test_update_persisted_via_get" time="0.181" /><testcase classname="backend.tests.test_catalog_appversion_iter13.TestCatalogCRUD" name="test_update_requires_auth" time="0.163" /><testcase classname="backend.tests.test_catalog_appversion_iter13.TestCatalogCRUD" name="test_update_not_found_404" time="0.152" /><testcase classname="backend.tests.test_catalog_appversion_iter13.TestCatalogCRUD" name="test_get_not_found_404" time="0.136" /><testcase classname="backend.tests.test_catalog_appversion_iter13.TestCatalogCast" name="test_add_cast_member" time="0.179" /><testcase classname="backend.tests.test_catalog_appversion_iter13.TestCatalogCast" name="test_cast_appears_in_entry" time="0.138" /><testcase classname="backend.tests.test_catalog_appversion_iter13.TestCatalogCast" name="test_delete_cast_member" time="0.332" /><testcase classname="backend.tests.test_catalog_appversion_iter13.TestCatalogCast" name="test_cast_removed_from_entry" time="0.171" /><testcase classname="backend.tests.test_catalog_appversion_iter13.TestCatalogDelete" name="test_delete_requires_auth" time="0.128" /><testcase classname="backend.tests.test_catalog_appversion_iter13.TestCatalogDelete" name="test_delete_catalog_entry" time="0.151" /><testcase classname="backend.tests.test_catalog_appversion_iter13.TestCatalogDelete" name="test_deleted_entry_returns_404" time="0.173" /><testcase classname="backend.tests.test_catalog_appversion_iter13.TestCatalogDelete" name="test_deleted_not_in_list" time="0.163" /><testcase classname="backend.tests.test_catalog_appversion_iter13.TestCatalogDelete" name="test_delete_not_found_404" time="0.178" /></testsuite></testsuites>