<?xml version="1.0" encoding="utf-8"?><testsuites name="pytest tests"><testsuite name="pytest" errors="0" failures="0" skipped="0" tests="22" time="7.943" timestamp="2026-03-18T16:22:47.423526+00:00" hostname="agent-env-2b795d88-85e4-4e6c-9699-4fb32a3dd09d"><testcase classname="backend.tests.test_home_posts_iter12.TestAdminLogin" name="test_admin_login_success" time="0.902" /><testcase classname="backend.tests.test_home_posts_iter12.TestAdminLogin" name="test_admin_login_wrong_password" time="0.385" /><testcase classname="backend.tests.test_home_posts_iter12.TestPublicGet" name="test_public_get_returns_200" time="0.178" /><testcase classname="backend.tests.test_home_posts_iter12.TestPublicGet" name="test_public_get_returns_list" time="0.119" /><testcase classname="backend.tests.test_home_posts_iter12.TestPublicGet" name="test_public_get_no_auth_required" time="0.135" /><testcase classname="backend.tests.test_home_posts_iter12.TestAdminGetAll" name="test_admin_get_all_requires_auth" time="0.230" /><testcase classname="backend.tests.test_home_posts_iter12.TestAdminGetAll" name="test_admin_get_all_with_token" time="0.228" /><testcase classname="backend.tests.test_home_posts_iter12.TestCreatePost" name="test_create_requires_auth" time="0.144" /><testcase classname="backend.tests.test_home_posts_iter12.TestCreatePost" name="test_create_app_update_post" time="0.153" /><testcase classname="backend.tests.test_home_posts_iter12.TestCreatePost" name="test_create_upcoming_feature_post" time="0.192" /><testcase classname="backend.tests.test_home_posts_iter12.TestCreatePost" name="test_create_post_invalid_category" time="0.114" /><testcase classname="backend.tests.test_home_posts_iter12.TestCreatePost" name="test_create_draft_post" time="0.153" /><testcase classname="backend.tests.test_home_posts_iter12.TestPublishFilter" name="test_public_shows_published_not_draft" time="0.637" /><testcase classname="backend.tests.test_home_posts_iter12.TestPublishFilter" name="test_admin_all_shows_both" time="0.644" /><testcase classname="backend.tests.test_home_posts_iter12.TestUpdatePost" name="test_update_title" time="0.417" /><testcase classname="backend.tests.test_home_posts_iter12.TestUpdatePost" name="test_update_toggle_unpublish" time="0.410" /><testcase classname="backend.tests.test_home_posts_iter12.TestUpdatePost" name="test_update_toggle_republish" time="0.525" /><testcase classname="backend.tests.test_home_posts_iter12.TestUpdatePost" name="test_update_not_found" time="0.450" /><testcase classname="backend.tests.test_home_posts_iter12.TestUpdatePost" name="test_update_requires_auth" time="0.328" /><testcase classname="backend.tests.test_home_posts_iter12.TestDeletePost" name="test_delete_post" time="0.376" /><testcase classname="backend.tests.test_home_posts_iter12.TestDeletePost" name="test_delete_not_found" time="0.145" /><testcase classname="backend.tests.test_home_posts_iter12.TestDeletePost" name="test_delete_requires_auth" time="0.991" /></testsuite></testsuites>