<?xml version="1.0" encoding="utf-8"?><testsuites name="pytest tests"><testsuite name="pytest" errors="0" failures="0" skipped="0" tests="17" time="8.433" timestamp="2026-04-14T15:05:43.537995+00:00" hostname="agent-env-6b0b9b45-ff3c-4044-ab54-339fdbeddf0a"><testcase classname="backend.tests.test_auth_email_iter17.TestAuthLogin" name="test_login_success_with_admin_email" time="0.427" /><testcase classname="backend.tests.test_auth_email_iter17.TestAuthLogin" name="test_login_success_with_test_admin_email" time="0.606" /><testcase classname="backend.tests.test_auth_email_iter17.TestAuthLogin" name="test_login_invalid_email" time="0.213" /><testcase classname="backend.tests.test_auth_email_iter17.TestAuthLogin" name="test_login_invalid_password" time="0.541" /><testcase classname="backend.tests.test_auth_email_iter17.TestAuthLogin" name="test_login_email_case_insensitive" time="0.409" /><testcase classname="backend.tests.test_auth_email_iter17.TestAuthVerify" name="test_verify_returns_email" time="0.480" /><testcase classname="backend.tests.test_auth_email_iter17.TestAuthVerify" name="test_verify_without_token" time="0.169" /><testcase classname="backend.tests.test_auth_email_iter17.TestAuthVerify" name="test_verify_with_invalid_token" time="0.205" /><testcase classname="backend.tests.test_auth_email_iter17.TestAuthRegister" name="test_register_generates_10_char_password" time="0.717" /><testcase classname="backend.tests.test_auth_email_iter17.TestAuthRegister" name="test_register_duplicate_email_fails" time="0.280" /><testcase classname="backend.tests.test_auth_email_iter17.TestPasswordReset" name="test_password_reset_generates_new_password" time="1.675" /><testcase classname="backend.tests.test_auth_email_iter17.TestPasswordReset" name="test_password_reset_nonexistent_email" time="0.102" /><testcase classname="backend.tests.test_auth_email_iter17.TestProtectedEndpoints" name="test_get_users_with_token" time="0.459" /><testcase classname="backend.tests.test_auth_email_iter17.TestProtectedEndpoints" name="test_get_customers_with_token" time="0.449" /><testcase classname="backend.tests.test_auth_email_iter17.TestProtectedEndpoints" name="test_get_users_without_token" time="0.124" /><testcase classname="backend.tests.test_auth_email_iter17.TestProtectedEndpoints" name="test_get_setup_config" time="0.450" /><testcase classname="backend.tests.test_auth_email_iter17.TestSecurityUtilsPasswordGeneration" name="test_multiple_registrations_unique_passwords" time="1.056" /></testsuite></testsuites>