<?xml version="1.0" encoding="utf-8"?><testsuites name="pytest tests"><testsuite name="pytest" errors="0" failures="0" skipped="0" tests="25" time="6.011" timestamp="2026-03-12T21:05:47.805438+00:00" hostname="agent-env-3853acda-d538-4846-9b58-f839dc2b3500"><testcase classname="backend.tests.test_new_features.TestPublicEndpoints" name="test_vod_returns_200_public" time="0.367" /><testcase classname="backend.tests.test_new_features.TestPublicEndpoints" name="test_notifications_returns_200_public" time="0.184" /><testcase classname="backend.tests.test_new_features.TestPublicEndpoints" name="test_setup_config_returns_200_public" time="0.154" /><testcase classname="backend.tests.test_new_features.TestPublicEndpoints" name="test_vod_category_filter" time="0.128" /><testcase classname="backend.tests.test_new_features.TestAuthRequiredEndpoints" name="test_media_requires_auth_401" time="0.133" /><testcase classname="backend.tests.test_new_features.TestAuthRequiredEndpoints" name="test_media_returns_200_with_auth" time="0.530" /><testcase classname="backend.tests.test_new_features.TestAuthRequiredEndpoints" name="test_recordings_requires_auth_401" time="0.156" /><testcase classname="backend.tests.test_new_features.TestAuthRequiredEndpoints" name="test_recordings_returns_200_with_auth" time="0.133" /><testcase classname="backend.tests.test_new_features.TestAuthRequiredEndpoints" name="test_notifications_post_requires_auth_401" time="0.139" /><testcase classname="backend.tests.test_new_features.TestAuthRequiredEndpoints" name="test_vod_post_requires_auth_401" time="0.121" /><testcase classname="backend.tests.test_new_features.TestNotificationsCRUD" name="test_create_notification_with_auth" time="0.138" /><testcase classname="backend.tests.test_new_features.TestNotificationsCRUD" name="test_notification_visible_in_public_list" time="0.429" /><testcase classname="backend.tests.test_new_features.TestNotificationsCRUD" name="test_notification_type_filter" time="0.391" /><testcase classname="backend.tests.test_new_features.TestNotificationsCRUD" name="test_notification_update" time="0.456" /><testcase classname="backend.tests.test_new_features.TestNotificationsCRUD" name="test_notification_delete" time="0.336" /><testcase classname="backend.tests.test_new_features.TestVODCRUD" name="test_create_vod_with_auth" time="0.141" /><testcase classname="backend.tests.test_new_features.TestVODCRUD" name="test_vod_visible_in_public_list" time="0.342" /><testcase classname="backend.tests.test_new_features.TestVODCRUD" name="test_vod_update" time="0.401" /><testcase classname="backend.tests.test_new_features.TestVODCRUD" name="test_vod_delete" time="0.408" /><testcase classname="backend.tests.test_new_features.TestRecordingsCVR" name="test_recording_stats_with_auth" time="0.147" /><testcase classname="backend.tests.test_new_features.TestRecordingsCVR" name="test_recording_stats_without_auth" time="0.122" /><testcase classname="backend.tests.test_new_features.TestSetupBranding" name="test_setup_config_has_service_name_and_logo" time="0.164" /><testcase classname="backend.tests.test_new_features.TestSetupBranding" name="test_master_pin_requires_auth" time="0.120" /><testcase classname="backend.tests.test_new_features.TestMediaLibrary" name="test_media_list_returns_empty_or_list" time="0.148" /><testcase classname="backend.tests.test_new_features.TestMediaLibrary" name="test_media_type_filter" time="0.132" /></testsuite></testsuites>