<?xml version="1.0" encoding="utf-8"?><testsuites name="pytest tests"><testsuite name="pytest" errors="0" failures="0" skipped="0" tests="26" time="8.491" timestamp="2026-03-12T19:27:26.236902+00:00" hostname="agent-env-3853acda-d538-4846-9b58-f839dc2b3500"><testcase classname="backend.tests.test_iptv_api.TestSetupAPI" name="test_setup_status_returns_200" time="0.436" /><testcase classname="backend.tests.test_iptv_api.TestSetupAPI" name="test_setup_status_completed" time="0.303" /><testcase classname="backend.tests.test_iptv_api.TestSetupAPI" name="test_setup_config_returns_service_name" time="0.167" /><testcase classname="backend.tests.test_iptv_api.TestAuthAPI" name="test_login_success" time="0.387" /><testcase classname="backend.tests.test_iptv_api.TestAuthAPI" name="test_login_invalid_credentials_returns_401" time="0.386" /><testcase classname="backend.tests.test_iptv_api.TestAuthAPI" name="test_login_wrong_username_returns_401" time="0.117" /><testcase classname="backend.tests.test_iptv_api.TestAuthAPI" name="test_verify_auth_with_valid_token" time="0.500" /><testcase classname="backend.tests.test_iptv_api.TestAuthAPI" name="test_verify_auth_without_token_returns_401" time="0.190" /><testcase classname="backend.tests.test_iptv_api.TestAuthAPI" name="test_security_questions_no_config_returns_400" time="0.116" /><testcase classname="backend.tests.test_iptv_api.TestAuthAPI" name="test_security_questions_unknown_user_returns_404" time="0.148" /><testcase classname="backend.tests.test_iptv_api.TestChannelsAPI" name="test_get_channels_returns_200" time="0.138" /><testcase classname="backend.tests.test_iptv_api.TestChannelsAPI" name="test_create_channel" time="0.137" /><testcase classname="backend.tests.test_iptv_api.TestChannelsAPI" name="test_create_and_get_channel" time="0.359" /><testcase classname="backend.tests.test_iptv_api.TestChannelsAPI" name="test_update_channel" time="0.635" /><testcase classname="backend.tests.test_iptv_api.TestChannelsAPI" name="test_delete_channel" time="0.395" /><testcase classname="backend.tests.test_iptv_api.TestChannelsAPI" name="test_delete_nonexistent_channel_returns_404" time="0.112" /><testcase classname="backend.tests.test_iptv_api.TestProgramsAPI" name="test_get_programs_returns_200" time="0.115" /><testcase classname="backend.tests.test_iptv_api.TestProgramsAPI" name="test_create_program" time="0.395" /><testcase classname="backend.tests.test_iptv_api.TestDevicesAPI" name="test_get_devices_returns_200" time="0.131" /><testcase classname="backend.tests.test_iptv_api.TestDevicesAPI" name="test_create_device" time="0.243" /><testcase classname="backend.tests.test_iptv_api.TestDevicesAPI" name="test_create_duplicate_mac_returns_400" time="0.408" /><testcase classname="backend.tests.test_iptv_api.TestUsersAPI" name="test_get_users_returns_200" time="0.121" /><testcase classname="backend.tests.test_iptv_api.TestUsersAPI" name="test_create_user_and_verify" time="0.585" /><testcase classname="backend.tests.test_iptv_api.TestUsersAPI" name="test_update_user_status" time="0.716" /><testcase classname="backend.tests.test_iptv_api.TestUsersAPI" name="test_create_duplicate_username_returns_400" time="0.585" /><testcase classname="backend.tests.test_iptv_api.TestUsersAPI" name="test_delete_user" time="0.563" /></testsuite></testsuites>