<?xml version="1.0" encoding="utf-8"?><testsuites name="pytest tests"><testsuite name="pytest" errors="0" failures="0" skipped="0" tests="13" time="3.155" timestamp="2026-03-13T13:52:25.686742+00:00" hostname="agent-env-b86ccaea-abd7-4617-b70e-07f4d5345061"><testcase classname="backend.tests.test_roku_endpoints_iter7.TestRokuRequestLink" name="test_request_link_returns_200" time="0.285" /><testcase classname="backend.tests.test_roku_endpoints_iter7.TestRokuRequestLink" name="test_request_link_returns_link_code" time="0.172" /><testcase classname="backend.tests.test_roku_endpoints_iter7.TestRokuRequestLink" name="test_request_link_returns_expires_in" time="0.176" /><testcase classname="backend.tests.test_roku_endpoints_iter7.TestRokuRequestLink" name="test_request_link_creates_unique_codes" time="0.278" /><testcase classname="backend.tests.test_roku_endpoints_iter7.TestRokuCheckLink" name="test_check_link_unlinked_returns_linked_false" time="0.272" /><testcase classname="backend.tests.test_roku_endpoints_iter7.TestRokuCheckLink" name="test_check_link_invalid_code_returns_404" time="0.128" /><testcase classname="backend.tests.test_roku_endpoints_iter7.TestRokuCheckLink" name="test_check_link_no_session_token_before_confirm" time="0.243" /><testcase classname="backend.tests.test_roku_endpoints_iter7.TestRokuConfirmLink" name="test_confirm_link_with_valid_totp_returns_200" time="0.233" /><testcase classname="backend.tests.test_roku_endpoints_iter7.TestRokuConfirmLink" name="test_confirm_link_response_has_message" time="0.242" /><testcase classname="backend.tests.test_roku_endpoints_iter7.TestRokuConfirmLink" name="test_check_link_after_confirm_returns_linked_true" time="0.366" /><testcase classname="backend.tests.test_roku_endpoints_iter7.TestRokuConfirmLink" name="test_confirm_link_wrong_totp_returns_401" time="0.230" /><testcase classname="backend.tests.test_roku_endpoints_iter7.TestRokuConfirmLink" name="test_confirm_link_invalid_code_returns_404" time="0.171" /><testcase classname="backend.tests.test_roku_endpoints_iter7.TestRokuConfirmLink" name="test_confirm_link_wrong_email_returns_401" time="0.225" /></testsuite></testsuites>