<?xml version="1.0" encoding="utf-8"?><testsuites name="pytest tests"><testsuite name="pytest" errors="0" failures="0" skipped="0" tests="19" time="6.433" timestamp="2026-03-18T21:54:32.668736+00:00" hostname="agent-env-4369111e-2e61-48c2-b1b4-b3426db75ef5"><testcase classname="backend.tests.test_features_iter15.TestChannelRename" name="test_channels_endpoint_returns_200" time="0.190" /><testcase classname="backend.tests.test_features_iter15.TestChannelRename" name="test_channel_preview_ch100_does_not_exist" time="0.140" /><testcase classname="backend.tests.test_features_iter15.TestChannelRename" name="test_all_renamed_channels_present" time="0.130" /><testcase classname="backend.tests.test_features_iter15.TestChannelRename" name="test_no_generic_channel_names" time="0.168" /><testcase classname="backend.tests.test_features_iter15.TestChannelRename" name="test_no_generic_live_tv_names" time="0.200" /><testcase classname="backend.tests.test_features_iter15.TestAutoBackupAPI" name="test_list_auto_backups_unauthenticated" time="0.137" /><testcase classname="backend.tests.test_features_iter15.TestAutoBackupAPI" name="test_list_auto_backups_authenticated" time="0.609" /><testcase classname="backend.tests.test_features_iter15.TestAutoBackupAPI" name="test_run_backup_now_authenticated" time="0.167" /><testcase classname="backend.tests.test_features_iter15.TestAutoBackupAPI" name="test_list_auto_backups_after_run" time="0.161" /><testcase classname="backend.tests.test_features_iter15.TestAutoBackupAPI" name="test_run_backup_unauthenticated" time="0.167" /><testcase classname="backend.tests.test_features_iter15.TestVODWithCatalogId" name="test_list_vod_returns_200" time="0.157" /><testcase classname="backend.tests.test_features_iter15.TestVODWithCatalogId" name="test_create_vod_without_catalog" time="0.154" /><testcase classname="backend.tests.test_features_iter15.TestVODWithCatalogId" name="test_create_vod_with_catalog_id_field" time="0.157" /><testcase classname="backend.tests.test_features_iter15.TestVODWithCatalogId" name="test_cleanup_test_vod_items" time="0.446" /><testcase classname="backend.tests.test_features_iter15.TestProgramsWithCatalogId" name="test_list_programs_returns_200" time="0.139" /><testcase classname="backend.tests.test_features_iter15.TestProgramsWithCatalogId" name="test_create_program_with_catalog_id" time="2.448" /><testcase classname="backend.tests.test_features_iter15.TestProgramsWithCatalogId" name="test_cleanup_test_programs" time="0.312" /><testcase classname="backend.tests.test_features_iter15.TestSchedulerHealth" name="test_scheduler_active_via_run_now" time="0.170" /><testcase classname="backend.tests.test_features_iter15.TestSchedulerHealth" name="test_backup_file_exists_on_disk" time="0.309" /></testsuite></testsuites>