<?xml version="1.0" encoding="utf-8"?><testsuites name="pytest tests"><testsuite name="pytest" errors="0" failures="0" skipped="0" tests="26" time="4.609" timestamp="2026-03-12T21:44:53.048720+00:00" hostname="agent-env-bbfed70b-c139-43e0-9821-77decc909606"><testcase classname="backend.tests.test_iteration3.TestSetupConfig" name="test_get_config_returns_200" time="0.237" /><testcase classname="backend.tests.test_iteration3.TestSetupConfig" name="test_get_config_returns_cvr_fields" time="0.180" /><testcase classname="backend.tests.test_iteration3.TestSetupConfig" name="test_get_config_returns_service_name" time="0.146" /><testcase classname="backend.tests.test_iteration3.TestServiceConfigSave" name="test_save_cvr_config_with_service_name_optional" time="0.559" /><testcase classname="backend.tests.test_iteration3.TestServiceConfigSave" name="test_save_cvr_config_persists" time="0.235" /><testcase classname="backend.tests.test_iteration3.TestServiceConfigSave" name="test_save_cvr_config_requires_auth" time="0.156" /><testcase classname="backend.tests.test_iteration3.TestServiceConfigSave" name="test_save_service_name_only" time="0.218" /><testcase classname="backend.tests.test_iteration3.TestAnalytics" name="test_analytics_requires_auth" time="0.103" /><testcase classname="backend.tests.test_iteration3.TestAnalytics" name="test_analytics_returns_200_with_auth" time="0.171" /><testcase classname="backend.tests.test_iteration3.TestAnalytics" name="test_analytics_has_required_keys" time="0.125" /><testcase classname="backend.tests.test_iteration3.TestAnalytics" name="test_analytics_storage_structure" time="0.119" /><testcase classname="backend.tests.test_iteration3.TestAnalytics" name="test_analytics_counts_structure" time="0.117" /><testcase classname="backend.tests.test_iteration3.TestAnalytics" name="test_analytics_recording_hours_structure" time="0.125" /><testcase classname="backend.tests.test_iteration3.TestHoursRequests" name="test_create_hours_request_public" time="0.239" /><testcase classname="backend.tests.test_iteration3.TestHoursRequests" name="test_create_hours_request_out_of_range" time="0.113" /><testcase classname="backend.tests.test_iteration3.TestHoursRequests" name="test_get_hours_requests_admin" time="0.112" /><testcase classname="backend.tests.test_iteration3.TestHoursRequests" name="test_get_hours_requests_requires_auth" time="0.106" /><testcase classname="backend.tests.test_iteration3.TestHoursRequests" name="test_approve_hours_request" time="0.125" /><testcase classname="backend.tests.test_iteration3.TestHoursRequests" name="test_deny_hours_request" time="0.415" /><testcase classname="backend.tests.test_iteration3.TestHoursRequests" name="test_update_hours_request_requires_auth" time="0.113" /><testcase classname="backend.tests.test_iteration3.TestHoursRequests" name="test_update_nonexistent_request" time="0.108" /><testcase classname="backend.tests.test_iteration3.TestChannelEditFields" name="test_create_channel_with_all_fields" time="0.193" /><testcase classname="backend.tests.test_iteration3.TestChannelEditFields" name="test_get_channel_returns_all_fields" time="0.170" /><testcase classname="backend.tests.test_iteration3.TestChannelEditFields" name="test_update_channel_preserves_quality_fields" time="0.124" /><testcase classname="backend.tests.test_iteration3.TestChannelEditFields" name="test_cleanup_created_channel" time="0.103" /><testcase classname="backend.tests.test_iteration3.TestRestoreDefaults" name="test_restore_default_cvr_config" time="0.107" /></testsuite></testsuites>