<?xml version="1.0" encoding="utf-8"?><testsuites name="pytest tests"><testsuite name="pytest" errors="0" failures="0" skipped="0" tests="17" time="3.494" timestamp="2026-03-18T18:06:10.261752+00:00" hostname="agent-env-2b795d88-85e4-4e6c-9699-4fb32a3dd09d"><testcase classname="backend.tests.test_ota_migration_iter14.TestOTAPublicEndpoints" name="test_get_latest_no_active_release" time="0.213" /><testcase classname="backend.tests.test_ota_migration_iter14.TestOTAAdminReleases" name="test_create_release" time="0.482" /><testcase classname="backend.tests.test_ota_migration_iter14.TestOTAAdminReleases" name="test_list_releases_contains_created" time="0.156" /><testcase classname="backend.tests.test_ota_migration_iter14.TestOTAAdminReleases" name="test_get_ota_status_admin" time="0.161" /><testcase classname="backend.tests.test_ota_migration_iter14.TestOTAAdminReleases" name="test_activate_without_apk_fails" time="0.183" /><testcase classname="backend.tests.test_ota_migration_iter14.TestOTAAdminReleases" name="test_upload_apk" time="0.189" /><testcase classname="backend.tests.test_ota_migration_iter14.TestOTAAdminReleases" name="test_activate_after_apk_upload" time="0.188" /><testcase classname="backend.tests.test_ota_migration_iter14.TestOTAAdminReleases" name="test_latest_returns_update_after_activation" time="0.226" /><testcase classname="backend.tests.test_ota_migration_iter14.TestOTAAdminReleases" name="test_status_shows_active_version_after_activation" time="0.223" /><testcase classname="backend.tests.test_ota_migration_iter14.TestOTAAdminReleases" name="test_cleanup_delete_release" time="0.182" /><testcase classname="backend.tests.test_ota_migration_iter14.TestOTAAdminReleases" name="test_latest_no_update_after_cleanup" time="0.130" /><testcase classname="backend.tests.test_ota_migration_iter14.TestOTAAdminReleases" name="test_ota_releases_requires_auth" time="0.185" /><testcase classname="backend.tests.test_ota_migration_iter14.TestMigrationBackup" name="test_backup_returns_200_gzip" time="0.169" /><testcase classname="backend.tests.test_ota_migration_iter14.TestMigrationBackup" name="test_backup_has_content_disposition" time="0.167" /><testcase classname="backend.tests.test_ota_migration_iter14.TestMigrationBackup" name="test_backup_content_is_valid_gzip" time="0.290" /><testcase classname="backend.tests.test_ota_migration_iter14.TestMigrationBackup" name="test_backup_requires_auth" time="0.119" /><testcase classname="backend.tests.test_ota_migration_iter14.TestMigrationBackup" name="test_restore_requires_auth" time="0.150" /></testsuite></testsuites>